<?xml version="1.0" encoding="UTF-8"?>
<testng-results ignored="0" total="1" passed="1" failed="0" skipped="0">
  <reporter-output>
  </reporter-output>
  <suite started-at="2023-04-05T19:35:59 PDT" name="Default suite" finished-at="2023-04-05T19:36:18 PDT" duration-ms="18918">
    <groups>
    </groups>
    <test started-at="2023-04-05T19:35:59 PDT" name="Default test" finished-at="2023-04-05T19:36:18 PDT" duration-ms="18918">
      <class name="test.AddCustomerTest">
        <test-method signature="validCustomerShouldBeAbleToCreateCustomer()[pri:0, instance:test.AddCustomerTest@13b13b5d]" started-at="2023-04-05T19:35:59 PDT" name="validCustomerShouldBeAbleToCreateCustomer" finished-at="2023-04-05T19:36:18 PDT" duration-ms="18878" status="PASS">
          <reporter-output>
          </reporter-output>
        </test-method> <!-- validCustomerShouldBeAbleToCreateCustomer -->
      </class> <!-- test.AddCustomerTest -->
    </test> <!-- Default test -->
  </suite> <!-- Default suite -->
</testng-results>
